<?xml version="1.0" encoding="UTF-8"?>
<testng-results ignored="0" total="1" passed="1" failed="0" skipped="0">
  <reporter-output>
  </reporter-output>
  <suite started-at="2021-11-11T10:17:08 IST" name="Default suite" finished-at="2021-11-11T10:17:08 IST" duration-ms="74">
    <groups>
    </groups>
    <test started-at="2021-11-11T10:17:08 IST" name="Default test" finished-at="2021-11-11T10:17:08 IST" duration-ms="74">
      <class name="mvn.Tests.A">
        <test-method signature="read()[pri:0, instance:mvn.Tests.A@26275bef]" started-at="2021-11-11T10:17:08 IST" name="read" finished-at="2021-11-11T10:17:08 IST" duration-ms="12" status="PASS">
          <reporter-output>
          </reporter-output>
        </test-method> <!-- read -->
      </class> <!-- mvn.Tests.A -->
    </test> <!-- Default test -->
  </suite> <!-- Default suite -->
</testng-results>
